<?xml version="1.0" encoding="UTF-8"?>
<testsuite name="DerbyTableWrapper_CRUDTest" tests="7" skipped="0" failures="0" errors="0" timestamp="2019-09-25T09:41:40" hostname="DESKTOP-RHDT4F6" time="4.313">
  <properties/>
  <testcase name="shouldAddProductCorrectly" classname="DerbyTableWrapper_CRUDTest" time="1.817"/>
  <testcase name="shouldRetrieveProductCorrectly" classname="DerbyTableWrapper_CRUDTest" time="0.714"/>
  <testcase name="shouldRetrieveSalesCorrectly" classname="DerbyTableWrapper_CRUDTest" time="0.189"/>
  <testcase name="shouldAddSaleCorrectly" classname="DerbyTableWrapper_CRUDTest" time="0.24"/>
  <testcase name="shouldRetrieveSaleByProductCategoryCorrectly" classname="DerbyTableWrapper_CRUDTest" time="0.361"/>
  <testcase name="shouldRetrieveSaleByProductAndDateRangeCorrectly" classname="DerbyTableWrapper_CRUDTest" time="0.68"/>
  <testcase name="shouldRetrieveSaleByDateRangeCorrectly" classname="DerbyTableWrapper_CRUDTest" time="0.296"/>
  <system-out><![CDATA['DROP TABLE' cannot be performed on 'PHARMACY.SALES' because it does not exist.
(probably) Couldn't delete sales table as it didn't exist.

'DROP TABLE' cannot be performed on 'PHARMACY.PRODUCTS' because it does not exist.
(probably) Couldn't delete product table as it didn't exist.

]]></system-out>
  <system-err><![CDATA[]]></system-err>
</testsuite>
