<?xml version="1.0" encoding="UTF-8"?>
<testsuite name="DerbyTableWrapper_CRUDTest" tests="12" skipped="0" failures="0" errors="0" timestamp="2019-10-08T23:57:19" hostname="MSI" time="1.104">
  <properties/>
  <testcase name="shouldFailToUpdateIfUpdatingSaleWithProductIDThatDoesNotExist" classname="DerbyTableWrapper_CRUDTest" time="0.152"/>
  <testcase name="shouldRetrieveProductCorrectly" classname="DerbyTableWrapper_CRUDTest" time="0.143"/>
  <testcase name="shouldUpdateSaleCorrectly" classname="DerbyTableWrapper_CRUDTest" time="0.105"/>
  <testcase name="shouldAddProductCorrectly" classname="DerbyTableWrapper_CRUDTest" time="0.053"/>
  <testcase name="shouldAddSaleCorrectly" classname="DerbyTableWrapper_CRUDTest" time="0.06"/>
  <testcase name="shouldUpdateProductCorrectly" classname="DerbyTableWrapper_CRUDTest" time="0.112"/>
  <testcase name="shouldRetrieveSalesCorrectly" classname="DerbyTableWrapper_CRUDTest" time="0.061"/>
  <testcase name="shouldRetrieveProductViaProductIDCorrectly" classname="DerbyTableWrapper_CRUDTest" time="0.101"/>
  <testcase name="shouldRetrieveSaleByProductCategoryCorrectly" classname="DerbyTableWrapper_CRUDTest" time="0.062"/>
  <testcase name="shouldRetrieveSaleByDateRangeCorrectly" classname="DerbyTableWrapper_CRUDTest" time="0.067"/>
  <testcase name="shouldRetrieveSaleByProductAndDateRangeCorrectly" classname="DerbyTableWrapper_CRUDTest" time="0.101"/>
  <testcase name="editShouldModifyNoRowsIfEntryIDDoesNotExist" classname="DerbyTableWrapper_CRUDTest" time="0.08"/>
  <system-out><![CDATA['DROP TABLE' cannot be performed on 'TEST.SALES' because it does not exist.
(probably) Couldn't delete sales table as it didn't exist.

'DROP TABLE' cannot be performed on 'TEST.PRODUCTS' because it does not exist.
(probably) Couldn't delete product table as it didn't exist.

an error occured while updating a sale with entryID 1
UPDATE on table 'SALES' caused a violation of foreign key constraint 'SQL191009105719491' for key (1111111).  The statement has been rolled back.
'DROP TABLE' cannot be performed on 'TEST.SALES' because it does not exist.
(probably) Couldn't delete sales table as it didn't exist.

]]></system-out>
  <system-err><![CDATA[]]></system-err>
</testsuite>
