<?xml version="1.0" encoding="UTF-8"?>
<testsuite name="DataObjects.ProductTest" tests="1" skipped="0" failures="0" errors="0" timestamp="2019-10-08T23:57:17" hostname="MSI" time="0.0">
  <properties/>
  <testcase name="shouldConvertPriceToTwoDecimals" classname="DataObjects.ProductTest" time="0.0"/>
  <system-out><![CDATA[]]></system-out>
  <system-err><![CDATA[]]></system-err>
</testsuite>
