<?xml version="1.0" encoding="UTF-8"?>
<testsuite name="DataObjects.SaleTest" tests="1" skipped="0" failures="0" errors="0" timestamp="2019-10-08T23:57:17" hostname="MSI" time="0.001">
  <properties/>
  <testcase name="shouldThrowExceptionIfDateIsNotOfCorrectFormat" classname="DataObjects.SaleTest" time="0.001"/>
  <system-out><![CDATA[]]></system-out>
  <system-err><![CDATA[]]></system-err>
</testsuite>
